<?xml version="1.0" encoding="UTF-8"?>
<testsuite name="adamnettles.myretail.services.ProductServiceSpec" tests="10" skipped="0" failures="0" errors="0" timestamp="2019-11-21T03:54:24" hostname="CT1-8526A-M" time="0.222">
  <properties/>
  <testcase name="product service get works with good id input" classname="adamnettles.myretail.services.ProductServiceSpec" time="0.146"/>
  <testcase name="product service get fails on bad id:  -1" classname="adamnettles.myretail.services.ProductServiceSpec" time="0.003"/>
  <testcase name="product service get fails on bad id:  0" classname="adamnettles.myretail.services.ProductServiceSpec" time="0.0"/>
  <testcase name="product service upsert works with good id #id" classname="adamnettles.myretail.services.ProductServiceSpec" time="0.023"/>
  <testcase name="product service upsert fails with bad input 0 .. 1.1 .. USD" classname="adamnettles.myretail.services.ProductServiceSpec" time="0.001"/>
  <testcase name="product service upsert fails with bad input -1 .. 1.1 .. USD" classname="adamnettles.myretail.services.ProductServiceSpec" time="0.0"/>
  <testcase name="product service upsert fails with bad input 1 .. 0 .. USD" classname="adamnettles.myretail.services.ProductServiceSpec" time="0.002"/>
  <testcase name="product service upsert fails with bad input 1 .. 1 .. " classname="adamnettles.myretail.services.ProductServiceSpec" time="0.001"/>
  <testcase name="product service upsert fails with bad input 1 .. 1 .. null" classname="adamnettles.myretail.services.ProductServiceSpec" time="0.0"/>
  <testcase name="currency code collection is immutable" classname="adamnettles.myretail.services.ProductServiceSpec" time="0.011"/>
  <system-out><![CDATA[]]></system-out>
  <system-err><![CDATA[]]></system-err>
</testsuite>
